Name: isort
Module: isort
Python extension loading
Waiting for interpreter from python extension.
Python extension loaded
CWD Server: /config/workspace/test
sys.path used to run Server:
   /config/extensions/ms-python.isort-2022.8.0-universal/bundled/libs
   /config/extensions/ms-python.isort-2022.8.0-universal/bundled/tool
   /usr/lib/python311.zip
   /usr/lib/python3.11
   /usr/lib/python3.11/lib-dynload
   /config/workspace/test/.venv/lib/python3.11/site-packages
Settings used to run Server:
[
    {
        "check": false,
        "workspace": "file:///config/workspace/test",
        "logLevel": "error",
        "args": [],
        "severity": {
            "W": "Warning",
            "E": "Hint"
        },
        "path": [],
        "interpreter": [
            "/config/workspace/test/.venv/bin/python"
        ],
        "importStrategy": "useBundled",
        "showNotifications": "off"
    }
]

/config/workspace/test/.venv/bin/python -m isort --version-number
CWD Linter: /config/workspace/test
Version info for isort running for /config/workspace/test:
5.10.1

SUPPORTED isort>=5.10.1
FOUND isort==5.10.1

