2023-06-17 16:36:34.042 [info] Log level: Info
2023-06-17 16:36:34.042 [info] Validating found git in: "git"
2023-06-17 16:36:34.042 [info] Using git "2.34.1" from "git"
2023-06-17 16:36:34.042 [info] > git rev-parse --show-toplevel [47ms]
2023-06-17 16:36:34.042 [info] fatal: not a git repository (or any parent up to mount point /)
Stopping at filesystem boundary (GIT_DISCOVERY_ACROSS_FILESYSTEM not set).
2023-06-17 16:36:34.042 [info] > git rev-parse --show-toplevel [3ms]
2023-06-17 16:36:34.042 [info] fatal: not a git repository (or any parent up to mount point /)
Stopping at filesystem boundary (GIT_DISCOVERY_ACROSS_FILESYSTEM not set).
2023-06-17 16:36:34.042 [info] > git rev-parse --show-toplevel [1ms]
2023-06-17 16:36:34.042 [info] fatal: not a git repository (or any parent up to mount point /)
Stopping at filesystem boundary (GIT_DISCOVERY_ACROSS_FILESYSTEM not set).
2023-06-17 16:36:34.042 [info] > git rev-parse --show-toplevel [41ms]
2023-06-17 16:36:34.042 [info] fatal: not a git repository (or any parent up to mount point /)
Stopping at filesystem boundary (GIT_DISCOVERY_ACROSS_FILESYSTEM not set).
2023-06-17 16:36:34.042 [info] > git rev-parse --show-toplevel [7ms]
2023-06-17 16:36:34.042 [info] fatal: not a git repository (or any parent up to mount point /)
Stopping at filesystem boundary (GIT_DISCOVERY_ACROSS_FILESYSTEM not set).
2023-06-17 16:36:34.115 [info] > git rev-parse --show-toplevel [4ms]
2023-06-17 16:36:34.115 [info] fatal: not a git repository (or any parent up to mount point /)
Stopping at filesystem boundary (GIT_DISCOVERY_ACROSS_FILESYSTEM not set).
2023-06-17 16:36:34.121 [info] > git rev-parse --show-toplevel [1ms]
2023-06-17 16:36:34.121 [info] fatal: not a git repository (or any parent up to mount point /)
Stopping at filesystem boundary (GIT_DISCOVERY_ACROSS_FILESYSTEM not set).
2023-06-17 16:36:34.175 [info] > git rev-parse --show-toplevel [5ms]
2023-06-17 16:36:34.175 [info] fatal: not a git repository (or any parent up to mount point /)
Stopping at filesystem boundary (GIT_DISCOVERY_ACROSS_FILESYSTEM not set).
2023-06-17 16:37:07.526 [info] > git rev-parse --show-toplevel [11ms]
2023-06-17 16:37:07.526 [info] fatal: not a git repository (or any parent up to mount point /)
Stopping at filesystem boundary (GIT_DISCOVERY_ACROSS_FILESYSTEM not set).
2023-06-17 16:37:25.973 [info] > git rev-parse --show-toplevel [16ms]
2023-06-17 16:37:25.973 [info] fatal: not a git repository (or any parent up to mount point /)
Stopping at filesystem boundary (GIT_DISCOVERY_ACROSS_FILESYSTEM not set).
2023-06-17 16:39:29.424 [info] > git rev-parse --show-toplevel [8ms]
2023-06-17 16:39:29.424 [info] fatal: not a git repository (or any parent up to mount point /)
Stopping at filesystem boundary (GIT_DISCOVERY_ACROSS_FILESYSTEM not set).
