2023-06-17 08:16:21.021 [info] Experiment 'pythonPromptNewFormatterExt' is active
2023-06-17 08:16:21.022 [info] Experiment 'pythonPromptNewToolsExt' is active
2023-06-17 08:16:21.023 [info] Experiment 'pythonSurveyNotificationcf' is active
2023-06-17 08:16:21.023 [info] Test server listening.
2023-06-17 08:16:21.023 [info] Python interpreter path: /bin/python3.11
2023-06-17 08:16:22.300 [info] Starting Jedi language server for test.
2023-06-17 08:17:52.240 [info] > conda info --json
2023-06-17 08:17:52.256 [info] > poetry env list --full-path
2023-06-17 08:17:52.256 [info] cwd: .
2023-06-17 08:17:52.266 [error] [Error: Command failed: poetry env list --full-path
/bin/sh: 1: poetry: not found

	at ChildProcess.exithandler (node:child_process:402:12)
	at ChildProcess.emit (node:events:513:28)
	at maybeClose (node:internal/child_process:1100:16)
	at Socket.<anonymous> (node:internal/child_process:458:11)
	at Socket.emit (node:events:513:28)
	at Pipe.<anonymous> (node:net:301:12)] {
  code: 127,
  killed: false,
  signal: null,
  cmd: 'poetry env list --full-path'
}
2023-06-17 08:17:52.268 [info] Found: /bin/python3 --> /bin/python3.10
2023-06-17 08:17:52.268 [info] Found: /bin/python3.10 --> /bin/python3.10
2023-06-17 08:17:52.269 [info] Found: /bin/python3.11 --> /bin/python3.11
2023-06-17 08:17:52.278 [info] Found: /usr/bin/python3 --> /usr/bin/python3.10
2023-06-17 08:17:52.278 [info] Found: /usr/bin/python3.10 --> /usr/bin/python3.10
2023-06-17 08:17:52.279 [info] Found: /usr/bin/python3.11 --> /usr/bin/python3.11
2023-06-17 08:17:52.304 [info] > /bin/python3 -I ~/extensions/ms-python.python-2023.8.0-universal/pythonFiles/get_output_via_markers.py ~/extensions/ms-python.python-2023.8.0-universal/pythonFiles/interpreterInfo.py
2023-06-17 08:17:52.326 [info] > /bin/python3.11 -I ~/extensions/ms-python.python-2023.8.0-universal/pythonFiles/get_output_via_markers.py ~/extensions/ms-python.python-2023.8.0-universal/pythonFiles/interpreterInfo.py
2023-06-17 08:17:52.426 [info] > /usr/bin/python3 -I ~/extensions/ms-python.python-2023.8.0-universal/pythonFiles/get_output_via_markers.py ~/extensions/ms-python.python-2023.8.0-universal/pythonFiles/interpreterInfo.py
2023-06-17 08:17:52.439 [info] > /usr/bin/python3.11 -I ~/extensions/ms-python.python-2023.8.0-universal/pythonFiles/get_output_via_markers.py ~/extensions/ms-python.python-2023.8.0-universal/pythonFiles/interpreterInfo.py
2023-06-17 08:19:43.425 [info] > ./.venv/bin/python -I ~/extensions/ms-python.python-2023.8.0-universal/pythonFiles/get_output_via_markers.py ~/extensions/ms-python.python-2023.8.0-universal/pythonFiles/interpreterInfo.py
2023-06-17 08:19:43.536 [info] Python interpreter path: ./.venv/bin/python
2023-06-17 08:19:46.931 [info] Starting Jedi language server for test.
2023-06-17 08:26:11.877 [info] > ./.venv/bin/python -I ~/extensions/ms-python.python-2023.8.0-universal/pythonFiles/get_output_via_markers.py ~/extensions/ms-python.python-2023.8.0-universal/pythonFiles/interpreterInfo.py
2023-06-17 11:45:42.568 [info] Send text to terminal: source /config/workspace/test/.venv/bin/activate
2023-06-17 11:45:43.070 [info] Send text to terminal: /config/workspace/test/.venv/bin/python /config/workspace/test/tests/main.py
