2023-06-17 07:49:17.214 [info] Experiment 'pythonPromptNewFormatterExt' is active
2023-06-17 07:49:17.214 [info] Experiment 'pythonPromptNewToolsExt' is active
2023-06-17 07:49:17.214 [info] Experiment 'pythonSurveyNotificationcf' is active
2023-06-17 07:49:17.214 [info] Test server listening.
2023-06-17 07:49:17.214 [info] > conda info --json
2023-06-17 07:49:17.787 [info] > python -c "import sys;print(sys.executable)"
2023-06-17 07:49:17.830 [error] [Error: Command failed: python -c "import sys;print(sys.executable)"
/bin/sh: 1: python: not found

	at ChildProcess.exithandler (node:child_process:402:12)
	at ChildProcess.emit (node:events:513:28)
	at maybeClose (node:internal/child_process:1100:16)
	at Socket.<anonymous> (node:internal/child_process:458:11)
	at Socket.emit (node:events:513:28)
	at Pipe.<anonymous> (node:net:301:12)] {
  code: 127,
  killed: false,
  signal: null,
  cmd: 'python -c "import sys;print(sys.executable)"'
}
2023-06-17 07:49:18.121 [error] Unable to start Jedi language server as a valid interpreter is not selected
2023-06-17 07:53:56.712 [info] Found: /bin/python3 --> /bin/python3.10
2023-06-17 07:53:56.713 [info] Found: /bin/python3.10 --> /bin/python3.10
2023-06-17 07:53:56.715 [info] Found: /bin/python3.11 --> /bin/python3.11
2023-06-17 07:53:56.724 [info] Found: /usr/bin/python3 --> /usr/bin/python3.10
2023-06-17 07:53:56.724 [info] Found: /usr/bin/python3.10 --> /usr/bin/python3.10
2023-06-17 07:53:56.726 [info] Found: /usr/bin/python3.11 --> /usr/bin/python3.11
2023-06-17 07:53:56.739 [info] > ./.venv/bin/python -I ~/extensions/ms-python.python-2023.8.0-universal/pythonFiles/get_output_via_markers.py ~/extensions/ms-python.python-2023.8.0-universal/pythonFiles/interpreterInfo.py
2023-06-17 07:53:56.781 [info] > /bin/python3 -I ~/extensions/ms-python.python-2023.8.0-universal/pythonFiles/get_output_via_markers.py ~/extensions/ms-python.python-2023.8.0-universal/pythonFiles/interpreterInfo.py
2023-06-17 07:53:56.866 [info] > /bin/python3.11 -I ~/extensions/ms-python.python-2023.8.0-universal/pythonFiles/get_output_via_markers.py ~/extensions/ms-python.python-2023.8.0-universal/pythonFiles/interpreterInfo.py
2023-06-17 07:53:56.897 [info] > /usr/bin/python3 -I ~/extensions/ms-python.python-2023.8.0-universal/pythonFiles/get_output_via_markers.py ~/extensions/ms-python.python-2023.8.0-universal/pythonFiles/interpreterInfo.py
2023-06-17 07:53:56.959 [info] > /usr/bin/python3.11 -I ~/extensions/ms-python.python-2023.8.0-universal/pythonFiles/get_output_via_markers.py ~/extensions/ms-python.python-2023.8.0-universal/pythonFiles/interpreterInfo.py
2023-06-17 07:53:58.541 [info] Python interpreter path: ./.venv/bin/python
2023-06-17 07:54:00.010 [info] Starting Jedi language server for workspace.
2023-06-17 07:54:00.743 [info] Send text to terminal: source /config/workspace/.venv/bin/activate
2023-06-17 07:54:01.244 [info] Send text to terminal: /config/workspace/.venv/bin/python /config/workspace/main.py
