2023-06-17 07:59:56.381 [info] Experiment 'pythonPromptNewFormatterExt' is active
2023-06-17 07:59:56.381 [info] Experiment 'pythonPromptNewToolsExt' is active
2023-06-17 07:59:56.381 [info] Experiment 'pythonSurveyNotificationcf' is active
2023-06-17 07:59:56.381 [info] Test server listening.
2023-06-17 07:59:56.382 [info] > poetry env list --full-path
2023-06-17 07:59:56.382 [info] cwd: .
2023-06-17 07:59:56.382 [error] [Error: Command failed: poetry env list --full-path
/bin/sh: 1: poetry: not found

	at ChildProcess.exithandler (node:child_process:402:12)
	at ChildProcess.emit (node:events:513:28)
	at maybeClose (node:internal/child_process:1100:16)
	at Socket.<anonymous> (node:internal/child_process:458:11)
	at Socket.emit (node:events:513:28)
	at Pipe.<anonymous> (node:net:301:12)] {
  code: 127,
  killed: false,
  signal: null,
  cmd: 'poetry env list --full-path'
}
2023-06-17 07:59:56.386 [info] Python interpreter path: /bin/python3.11
2023-06-17 07:59:56.499 [warning] Retry failed, storage update failed for key PYTHON_GLOBAL_STORAGE_KEYS
2023-06-17 07:59:56.501 [warning] Retry failed, storage update failed for key PYTHON_GLOBAL_STORAGE_KEYS
2023-06-17 07:59:56.501 [warning] Retry failed, storage update failed for key PYTHON_WORKSPACE_STORAGE_KEYS
2023-06-17 07:59:56.502 [warning] Retry failed, storage update failed for key PYTHON_WORKSPACE_STORAGE_KEYS
2023-06-17 07:59:56.502 [warning] Retry failed, storage update failed for key PYTHON_WORKSPACE_STORAGE_KEYS
2023-06-17 07:59:57.313 [info] Starting Jedi language server for test.
2023-06-17 08:00:49.973 [info] Send text to terminal: /bin/python3.11 /config/workspace/test/tests/main.py
