2023-06-17 08:16:21.023 [info] Log level: Info
2023-06-17 08:16:21.024 [info] Validating found git in: "git"
2023-06-17 08:16:21.024 [info] Using git "2.34.1" from "git"
2023-06-17 08:16:21.024 [info] > git rev-parse --show-toplevel [17ms]
2023-06-17 08:16:21.024 [info] fatal: not a git repository (or any parent up to mount point /)
Stopping at filesystem boundary (GIT_DISCOVERY_ACROSS_FILESYSTEM not set).
2023-06-17 08:16:21.024 [info] > git rev-parse --show-toplevel [14ms]
2023-06-17 08:16:21.024 [info] fatal: not a git repository (or any parent up to mount point /)
Stopping at filesystem boundary (GIT_DISCOVERY_ACROSS_FILESYSTEM not set).
2023-06-17 08:16:21.025 [info] > git rev-parse --show-toplevel [29ms]
2023-06-17 08:16:21.025 [info] fatal: not a git repository (or any parent up to mount point /)
Stopping at filesystem boundary (GIT_DISCOVERY_ACROSS_FILESYSTEM not set).
2023-06-17 08:16:21.025 [info] > git rev-parse --show-toplevel [17ms]
2023-06-17 08:16:21.025 [info] fatal: not a git repository (or any parent up to mount point /)
Stopping at filesystem boundary (GIT_DISCOVERY_ACROSS_FILESYSTEM not set).
2023-06-17 08:16:21.025 [info] > git rev-parse --show-toplevel [5ms]
2023-06-17 08:16:21.025 [info] fatal: not a git repository (or any parent up to mount point /)
Stopping at filesystem boundary (GIT_DISCOVERY_ACROSS_FILESYSTEM not set).
2023-06-17 08:16:21.025 [info] > git rev-parse --show-toplevel [6ms]
2023-06-17 08:16:21.025 [info] fatal: not a git repository (or any parent up to mount point /)
Stopping at filesystem boundary (GIT_DISCOVERY_ACROSS_FILESYSTEM not set).
2023-06-17 08:16:21.025 [info] > git rev-parse --show-toplevel [2ms]
2023-06-17 08:16:21.025 [info] fatal: not a git repository (or any parent up to mount point /)
Stopping at filesystem boundary (GIT_DISCOVERY_ACROSS_FILESYSTEM not set).
2023-06-17 08:17:16.631 [info] > git rev-parse --show-toplevel [30ms]
2023-06-17 08:17:16.631 [info] fatal: not a git repository (or any parent up to mount point /)
Stopping at filesystem boundary (GIT_DISCOVERY_ACROSS_FILESYSTEM not set).
2023-06-17 08:17:26.912 [info] > git rev-parse --show-toplevel [20ms]
2023-06-17 08:17:26.913 [info] fatal: not a git repository (or any parent up to mount point /)
Stopping at filesystem boundary (GIT_DISCOVERY_ACROSS_FILESYSTEM not set).
2023-06-17 08:17:36.869 [info] > git rev-parse --show-toplevel [16ms]
2023-06-17 08:17:36.869 [info] fatal: not a git repository (or any parent up to mount point /)
Stopping at filesystem boundary (GIT_DISCOVERY_ACROSS_FILESYSTEM not set).
2023-06-17 08:17:50.187 [info] > git rev-parse --show-toplevel [24ms]
2023-06-17 08:17:50.190 [info] fatal: not a git repository (or any parent up to mount point /)
Stopping at filesystem boundary (GIT_DISCOVERY_ACROSS_FILESYSTEM not set).
2023-06-17 08:19:30.659 [info] > git rev-parse --show-toplevel [13ms]
2023-06-17 08:19:30.662 [info] fatal: not a git repository (or any parent up to mount point /)
Stopping at filesystem boundary (GIT_DISCOVERY_ACROSS_FILESYSTEM not set).
2023-06-17 08:26:11.400 [info] > git rev-parse --show-toplevel [78ms]
2023-06-17 08:26:11.401 [info] fatal: not a git repository (or any parent up to mount point /)
Stopping at filesystem boundary (GIT_DISCOVERY_ACROSS_FILESYSTEM not set).
2023-06-17 08:26:42.946 [info] > git rev-parse --show-toplevel [71ms]
2023-06-17 08:26:42.946 [info] fatal: not a git repository (or any parent up to mount point /)
Stopping at filesystem boundary (GIT_DISCOVERY_ACROSS_FILESYSTEM not set).
2023-06-17 08:26:48.804 [info] > git rev-parse --show-toplevel [8ms]
2023-06-17 08:26:48.804 [info] fatal: not a git repository (or any parent up to mount point /)
Stopping at filesystem boundary (GIT_DISCOVERY_ACROSS_FILESYSTEM not set).
2023-06-17 08:26:51.497 [info] > git rev-parse --show-toplevel [6ms]
2023-06-17 08:26:51.497 [info] fatal: not a git repository (or any parent up to mount point /)
Stopping at filesystem boundary (GIT_DISCOVERY_ACROSS_FILESYSTEM not set).
2023-06-17 08:26:58.315 [info] > git rev-parse --show-toplevel [11ms]
2023-06-17 08:26:58.315 [info] fatal: not a git repository (or any parent up to mount point /)
Stopping at filesystem boundary (GIT_DISCOVERY_ACROSS_FILESYSTEM not set).
2023-06-17 11:45:42.734 [info] > git rev-parse --show-toplevel [24ms]
2023-06-17 11:45:42.734 [info] fatal: not a git repository (or any parent up to mount point /)
Stopping at filesystem boundary (GIT_DISCOVERY_ACROSS_FILESYSTEM not set).
2023-06-17 12:18:39.122 [info] > git rev-parse --show-toplevel [75ms]
2023-06-17 12:18:39.122 [info] fatal: not a git repository (or any parent up to mount point /)
Stopping at filesystem boundary (GIT_DISCOVERY_ACROSS_FILESYSTEM not set).
