2023-06-17 07:59:56.397 [info] Log level: Info
2023-06-17 07:59:56.397 [info] Validating found git in: "git"
2023-06-17 07:59:56.397 [info] Using git "2.34.1" from "git"
2023-06-17 07:59:56.397 [info] > git rev-parse --show-toplevel [7ms]
2023-06-17 07:59:56.397 [info] fatal: not a git repository (or any parent up to mount point /)
Stopping at filesystem boundary (GIT_DISCOVERY_ACROSS_FILESYSTEM not set).
2023-06-17 07:59:56.398 [info] > git rev-parse --show-toplevel [124ms]
2023-06-17 07:59:56.398 [info] fatal: not a git repository (or any parent up to mount point /)
Stopping at filesystem boundary (GIT_DISCOVERY_ACROSS_FILESYSTEM not set).
2023-06-17 07:59:56.398 [info] > git rev-parse --show-toplevel [7ms]
2023-06-17 07:59:56.398 [info] fatal: not a git repository (or any parent up to mount point /)
Stopping at filesystem boundary (GIT_DISCOVERY_ACROSS_FILESYSTEM not set).
2023-06-17 08:00:00.117 [info] > git rev-parse --show-toplevel [35ms]
2023-06-17 08:00:00.120 [info] fatal: not a git repository (or any parent up to mount point /)
Stopping at filesystem boundary (GIT_DISCOVERY_ACROSS_FILESYSTEM not set).
2023-06-17 08:00:03.595 [info] > git rev-parse --show-toplevel [7ms]
2023-06-17 08:00:03.598 [info] fatal: not a git repository (or any parent up to mount point /)
Stopping at filesystem boundary (GIT_DISCOVERY_ACROSS_FILESYSTEM not set).
2023-06-17 08:00:50.173 [info] > git rev-parse --show-toplevel [28ms]
2023-06-17 08:00:50.175 [info] fatal: not a git repository (or any parent up to mount point /)
Stopping at filesystem boundary (GIT_DISCOVERY_ACROSS_FILESYSTEM not set).
2023-06-17 08:03:32.348 [info] > git rev-parse --show-toplevel [53ms]
2023-06-17 08:03:32.356 [info] fatal: not a git repository (or any parent up to mount point /)
Stopping at filesystem boundary (GIT_DISCOVERY_ACROSS_FILESYSTEM not set).
2023-06-17 08:03:32.527 [info] > git rev-parse --show-toplevel [31ms]
2023-06-17 08:03:32.527 [info] fatal: not a git repository (or any parent up to mount point /)
Stopping at filesystem boundary (GIT_DISCOVERY_ACROSS_FILESYSTEM not set).
2023-06-17 08:03:45.219 [info] > git rev-parse --show-toplevel [19ms]
2023-06-17 08:03:45.219 [info] fatal: not a git repository (or any parent up to mount point /)
Stopping at filesystem boundary (GIT_DISCOVERY_ACROSS_FILESYSTEM not set).
2023-06-17 08:04:30.743 [info] > git rev-parse --show-toplevel [16ms]
2023-06-17 08:04:30.747 [info] fatal: not a git repository (or any parent up to mount point /)
Stopping at filesystem boundary (GIT_DISCOVERY_ACROSS_FILESYSTEM not set).
2023-06-17 08:04:31.192 [info] > git rev-parse --show-toplevel [52ms]
2023-06-17 08:04:31.196 [info] fatal: not a git repository (or any parent up to mount point /)
Stopping at filesystem boundary (GIT_DISCOVERY_ACROSS_FILESYSTEM not set).
2023-06-17 08:04:35.900 [info] > git rev-parse --show-toplevel [6ms]
2023-06-17 08:04:35.900 [info] fatal: not a git repository (or any parent up to mount point /)
Stopping at filesystem boundary (GIT_DISCOVERY_ACROSS_FILESYSTEM not set).
2023-06-17 08:04:56.160 [info] > git rev-parse --show-toplevel [7ms]
2023-06-17 08:04:56.161 [info] fatal: not a git repository (or any parent up to mount point /)
Stopping at filesystem boundary (GIT_DISCOVERY_ACROSS_FILESYSTEM not set).
2023-06-17 08:04:56.585 [info] > git rev-parse --show-toplevel [11ms]
2023-06-17 08:04:56.586 [info] fatal: not a git repository (or any parent up to mount point /)
Stopping at filesystem boundary (GIT_DISCOVERY_ACROSS_FILESYSTEM not set).
2023-06-17 08:05:14.407 [info] > git rev-parse --show-toplevel [12ms]
2023-06-17 08:05:14.407 [info] fatal: not a git repository (or any parent up to mount point /)
Stopping at filesystem boundary (GIT_DISCOVERY_ACROSS_FILESYSTEM not set).
2023-06-17 08:05:16.781 [info] > git rev-parse --show-toplevel [8ms]
2023-06-17 08:05:16.781 [info] fatal: not a git repository (or any parent up to mount point /)
Stopping at filesystem boundary (GIT_DISCOVERY_ACROSS_FILESYSTEM not set).
2023-06-17 08:05:17.664 [info] > git rev-parse --show-toplevel [9ms]
2023-06-17 08:05:17.664 [info] fatal: not a git repository (or any parent up to mount point /)
Stopping at filesystem boundary (GIT_DISCOVERY_ACROSS_FILESYSTEM not set).
2023-06-17 08:05:17.963 [info] > git rev-parse --show-toplevel [9ms]
2023-06-17 08:05:17.965 [info] fatal: not a git repository (or any parent up to mount point /)
Stopping at filesystem boundary (GIT_DISCOVERY_ACROSS_FILESYSTEM not set).
2023-06-17 08:05:19.349 [info] > git rev-parse --show-toplevel [13ms]
2023-06-17 08:05:19.350 [info] fatal: not a git repository (or any parent up to mount point /)
Stopping at filesystem boundary (GIT_DISCOVERY_ACROSS_FILESYSTEM not set).
2023-06-17 08:05:23.720 [info] > git rev-parse --show-toplevel [9ms]
2023-06-17 08:05:23.721 [info] fatal: not a git repository (or any parent up to mount point /)
Stopping at filesystem boundary (GIT_DISCOVERY_ACROSS_FILESYSTEM not set).
2023-06-17 08:05:24.048 [info] > git rev-parse --show-toplevel [13ms]
2023-06-17 08:05:24.048 [info] fatal: not a git repository (or any parent up to mount point /)
Stopping at filesystem boundary (GIT_DISCOVERY_ACROSS_FILESYSTEM not set).
2023-06-17 08:05:26.573 [info] > git rev-parse --show-toplevel [7ms]
2023-06-17 08:05:26.573 [info] fatal: not a git repository (or any parent up to mount point /)
Stopping at filesystem boundary (GIT_DISCOVERY_ACROSS_FILESYSTEM not set).
2023-06-17 08:05:29.981 [info] > git rev-parse --show-toplevel [11ms]
2023-06-17 08:05:29.982 [info] fatal: not a git repository (or any parent up to mount point /)
Stopping at filesystem boundary (GIT_DISCOVERY_ACROSS_FILESYSTEM not set).
