2023-06-16 18:18:27.374 [info] Log level: Info
2023-06-16 18:18:27.374 [info] Validating found git in: "git"
2023-06-16 18:18:27.374 [info] Using git "2.34.1" from "git"
2023-06-16 18:18:27.374 [info] > git rev-parse --show-toplevel [114ms]
2023-06-16 18:18:27.374 [info] fatal: not a git repository (or any parent up to mount point /)
Stopping at filesystem boundary (GIT_DISCOVERY_ACROSS_FILESYSTEM not set).
2023-06-16 18:18:27.374 [info] > git rev-parse --show-toplevel [11ms]
2023-06-16 18:18:27.374 [info] fatal: not a git repository (or any parent up to mount point /)
Stopping at filesystem boundary (GIT_DISCOVERY_ACROSS_FILESYSTEM not set).
2023-06-16 18:18:35.942 [info] > git rev-parse --show-toplevel [220ms]
2023-06-16 18:18:35.959 [info] fatal: not a git repository (or any parent up to mount point /)
Stopping at filesystem boundary (GIT_DISCOVERY_ACROSS_FILESYSTEM not set).
2023-06-16 18:19:35.367 [info] > git rev-parse --show-toplevel [16ms]
2023-06-16 18:19:35.367 [info] fatal: not a git repository (or any parent up to mount point /)
Stopping at filesystem boundary (GIT_DISCOVERY_ACROSS_FILESYSTEM not set).
2023-06-16 18:19:47.439 [info] > git rev-parse --show-toplevel [76ms]
2023-06-16 18:19:47.464 [info] fatal: not a git repository (or any parent up to mount point /)
Stopping at filesystem boundary (GIT_DISCOVERY_ACROSS_FILESYSTEM not set).
2023-06-16 18:20:00.477 [info] > git rev-parse --show-toplevel [49ms]
2023-06-16 18:20:00.516 [info] fatal: not a git repository (or any parent up to mount point /)
Stopping at filesystem boundary (GIT_DISCOVERY_ACROSS_FILESYSTEM not set).
