2023-06-17 07:49:18.513 [info] Log level: Info
2023-06-17 07:49:18.513 [info] Validating found git in: "git"
2023-06-17 07:49:18.513 [info] Using git "2.34.1" from "git"
2023-06-17 07:49:18.513 [info] > git rev-parse --show-toplevel [115ms]
2023-06-17 07:49:18.513 [info] fatal: not a git repository (or any parent up to mount point /)
Stopping at filesystem boundary (GIT_DISCOVERY_ACROSS_FILESYSTEM not set).
2023-06-17 07:49:18.513 [info] > git rev-parse --show-toplevel [45ms]
2023-06-17 07:49:18.513 [info] fatal: not a git repository (or any parent up to mount point /)
Stopping at filesystem boundary (GIT_DISCOVERY_ACROSS_FILESYSTEM not set).
2023-06-17 07:49:39.029 [info] > git rev-parse --show-toplevel [10ms]
2023-06-17 07:49:39.032 [info] fatal: not a git repository (or any parent up to mount point /)
Stopping at filesystem boundary (GIT_DISCOVERY_ACROSS_FILESYSTEM not set).
2023-06-17 07:49:40.057 [info] > git rev-parse --show-toplevel [7ms]
2023-06-17 07:49:40.057 [info] fatal: not a git repository (or any parent up to mount point /)
Stopping at filesystem boundary (GIT_DISCOVERY_ACROSS_FILESYSTEM not set).
2023-06-17 07:50:07.572 [info] > git rev-parse --show-toplevel [9ms]
2023-06-17 07:50:07.572 [info] fatal: not a git repository (or any parent up to mount point /)
Stopping at filesystem boundary (GIT_DISCOVERY_ACROSS_FILESYSTEM not set).
2023-06-17 07:53:55.099 [info] > git rev-parse --show-toplevel [26ms]
2023-06-17 07:53:55.100 [info] fatal: not a git repository (or any parent up to mount point /)
Stopping at filesystem boundary (GIT_DISCOVERY_ACROSS_FILESYSTEM not set).
2023-06-17 07:54:00.856 [info] > git rev-parse --show-toplevel [7ms]
2023-06-17 07:54:00.857 [info] fatal: not a git repository (or any parent up to mount point /)
Stopping at filesystem boundary (GIT_DISCOVERY_ACROSS_FILESYSTEM not set).
2023-06-17 07:54:03.210 [info] > git rev-parse --show-toplevel [7ms]
2023-06-17 07:54:03.210 [info] fatal: not a git repository (or any parent up to mount point /)
Stopping at filesystem boundary (GIT_DISCOVERY_ACROSS_FILESYSTEM not set).
