2023-06-17 08:16:18.104 [info] Extension host with pid 71282 started
2023-06-17 08:16:18.125 [error] Error: EEXIST: file already exists, open '/config/data/User/workspaceStorage/-32b35f77/vscode.lock'
2023-06-17 08:16:18.171 [info] Lock '/config/data/User/workspaceStorage/-32b35f77/vscode.lock': Could not acquire lock, checking if the file is stale.
2023-06-17 08:16:18.196 [info] Lock '/config/data/User/workspaceStorage/-32b35f77/vscode.lock': The lock does not look stale, elapsed: 182 ms, giving up.
2023-06-17 08:16:18.278 [info] ExtensionService#_doActivateExtension vscode.emmet, startup: false, activationEvent: 'onLanguage'
2023-06-17 08:16:18.285 [info] ExtensionService#_doActivateExtension ms-python.python, startup: false, activationEvent: 'onLanguage:python'
2023-06-17 08:16:19.299 [info] ExtensionService#_doActivateExtension vscode.git-base, startup: true, activationEvent: '*', root cause: vscode.git
2023-06-17 08:16:19.331 [info] Lock '/config/data/User/workspaceStorage/-32b35f77-1/vscode.lock': Lock acquired.
2023-06-17 08:16:19.798 [info] ExtensionService#_doActivateExtension vscode.git, startup: true, activationEvent: '*'
2023-06-17 08:16:19.800 [info] ExtensionService#_doActivateExtension vscode.github, startup: true, activationEvent: '*'
2023-06-17 08:16:20.807 [info] Eager extensions activated
2023-06-17 08:16:20.807 [info] ExtensionService#_doActivateExtension vscode.debug-auto-launch, startup: false, activationEvent: 'onStartupFinished'
2023-06-17 08:16:20.808 [info] ExtensionService#_doActivateExtension vscode.merge-conflict, startup: false, activationEvent: 'onStartupFinished'
2023-06-17 08:16:20.808 [info] ExtensionService#_doActivateExtension zhuangtongfa.material-theme, startup: false, activationEvent: 'onStartupFinished'
2023-06-17 08:17:16.661 [info] ExtensionService#_doActivateExtension ms-python.black-formatter, startup: false, activationEvent: 'onLanguage:python'
2023-06-17 08:17:26.934 [info] ExtensionService#_doActivateExtension ms-python.isort, startup: false, activationEvent: 'onLanguage:python'
2023-06-17 08:17:49.473 [info] ExtensionService#_doActivateExtension vscode.json-language-features, startup: false, activationEvent: 'onLanguage:jsonc'
2023-06-17 08:17:49.474 [info] ExtensionService#_doActivateExtension vscode.typescript-language-features, startup: false, activationEvent: 'onLanguage:jsonc'
2023-06-17 08:18:15.416 [info] ExtensionService#_doActivateExtension vscode.npm, startup: false, activationEvent: 'onTerminalQuickFixRequest:ms-vscode.npm-command'
2023-06-17 08:19:44.373 [error] Error: write after end
	at new NodeError (node:internal/errors:387:5)
	at _write (node:internal/streams/writable:321:11)
	at Socket.Writable.write (node:internal/streams/writable:336:10)
	at /config/extensions/ms-python.isort-2022.8.0-universal/dist/extension.js:1:127453
	at new Promise (<anonymous>)
	at u.write (/config/extensions/ms-python.isort-2022.8.0-universal/dist/extension.js:1:127371)
	at m.doWrite (/config/extensions/ms-python.isort-2022.8.0-universal/dist/extension.js:1:116975)
	at /config/extensions/ms-python.isort-2022.8.0-universal/dist/extension.js:1:116870
2023-06-17 12:18:40.879 [info] Extension host terminating: received terminate message from renderer
2023-06-17 12:18:40.881 [info] Lock '/config/data/User/workspaceStorage/-32b35f77-1/vscode.lock': Marking the lockfile as scheduled to be released in 6000 ms.
2023-06-17 12:18:41.234 [info] Extension host with pid 71282 exiting with code 0
