2023-06-17 08:17:16.899 [info] Name: Black Formatter
2023-06-17 08:17:16.899 [info] Module: black
2023-06-17 08:17:16.899 [info] Python extension loading
2023-06-17 08:17:16.899 [info] Waiting for interpreter from python extension.
2023-06-17 08:17:16.900 [info] Python extension loaded
2023-06-17 08:17:16.900 [info] Server run command: /bin/python3.11 /config/extensions/ms-python.black-formatter-2023.3.0-dev-universal/bundled/tool/lsp_server.py
2023-06-17 08:17:16.900 [info] Server: Start requested.
2023-06-17 08:17:17.596 [info] CWD Server: /config/workspace/test
2023-06-17 08:17:17.600 [info] Settings used to run Server:
[
    {
        "cwd": "/config/workspace/test",
        "workspace": "file:///config/workspace/test",
        "args": [],
        "path": [],
        "interpreter": [
            "/bin/python3.11"
        ],
        "importStrategy": "useBundled",
        "showNotifications": "off"
    }
]

2023-06-17 08:17:17.600 [info] Global settings:
{
    "cwd": "/run/s6-rc:s6-rc-init:hnJifJ/servicedirs/svc-code-server",
    "workspace": "/run/s6-rc:s6-rc-init:hnJifJ/servicedirs/svc-code-server",
    "args": [],
    "path": [],
    "interpreter": [],
    "importStrategy": "useBundled",
    "showNotifications": "off"
}

2023-06-17 08:17:17.601 [info] sys.path used to run Server:
   /config/extensions/ms-python.black-formatter-2023.3.0-dev-universal/bundled/libs
   /config/extensions/ms-python.black-formatter-2023.3.0-dev-universal/bundled/tool
   /usr/lib/python311.zip
   /usr/lib/python3.11
   /usr/lib/python3.11/lib-dynload
   /usr/local/lib/python3.11/dist-packages
   /usr/lib/python3/dist-packages
2023-06-17 08:17:17.603 [info] /bin/python3.11 -m black --version
2023-06-17 08:17:17.604 [info] CWD formatter: /config/workspace/test
2023-06-17 08:17:17.807 [info] Version info for formatter running for /config/workspace/test:
black, 23.3.0 (compiled: no)
Python (CPython) 3.11.0rc1

2023-06-17 08:17:17.808 [info] SUPPORTED black>=22.3.0
FOUND black==23.3.0

2023-06-17 08:19:43.534 [info] Server: Stop requested
2023-06-17 08:19:43.753 [info] Server run command: /config/workspace/test/.venv/bin/python /config/extensions/ms-python.black-formatter-2023.3.0-dev-universal/bundled/tool/lsp_server.py
2023-06-17 08:19:43.763 [info] Server: Start requested.
2023-06-17 08:19:46.234 [info] CWD Server: /config/workspace/test
2023-06-17 08:19:46.240 [info] Settings used to run Server:
[
    {
        "cwd": "/config/workspace/test",
        "workspace": "file:///config/workspace/test",
        "args": [],
        "path": [],
        "interpreter": [
            "/config/workspace/test/.venv/bin/python"
        ],
        "importStrategy": "useBundled",
        "showNotifications": "off"
    }
]

2023-06-17 08:19:46.241 [info] Global settings:
{
    "cwd": "/run/s6-rc:s6-rc-init:hnJifJ/servicedirs/svc-code-server",
    "workspace": "/run/s6-rc:s6-rc-init:hnJifJ/servicedirs/svc-code-server",
    "args": [],
    "path": [],
    "interpreter": [],
    "importStrategy": "useBundled",
    "showNotifications": "off"
}

2023-06-17 08:19:46.241 [info] sys.path used to run Server:
   /config/extensions/ms-python.black-formatter-2023.3.0-dev-universal/bundled/libs
   /config/extensions/ms-python.black-formatter-2023.3.0-dev-universal/bundled/tool
   /usr/lib/python310.zip
   /usr/lib/python3.10
   /usr/lib/python3.10/lib-dynload
   /config/workspace/test/.venv/lib/python3.10/site-packages
2023-06-17 08:19:46.251 [info] /config/workspace/test/.venv/bin/python -m black --version
2023-06-17 08:19:46.256 [info] CWD formatter: /config/workspace/test
2023-06-17 08:19:46.737 [info] Version info for formatter running for /config/workspace/test:
black, 23.3.0 (compiled: no)
Python (CPython) 3.10.6

2023-06-17 08:19:46.749 [info] SUPPORTED black>=22.3.0
FOUND black==23.3.0

