2023-06-17 07:59:48.158 [info] Experiment 'pythonPromptNewFormatterExt' is active
2023-06-17 07:59:48.158 [info] Experiment 'pythonPromptNewToolsExt' is active
2023-06-17 07:59:48.158 [info] Experiment 'pythonSurveyNotification' is active
2023-06-17 07:59:48.299 [info] Test server listening.
2023-06-17 07:59:48.385 [info] > poetry env list --full-path
2023-06-17 07:59:48.385 [info] cwd: .
2023-06-17 07:59:48.394 [error] [Error: Command failed: poetry env list --full-path
/bin/sh: 1: poetry: not found

	at ChildProcess.exithandler (node:child_process:402:12)
	at ChildProcess.emit (node:events:513:28)
	at maybeClose (node:internal/child_process:1100:16)
	at Process.ChildProcess._handle.onexit (node:internal/child_process:304:5)] {
  code: 127,
  killed: false,
  signal: null,
  cmd: 'poetry env list --full-path'
}
2023-06-17 07:59:48.422 [info] > python -c "import sys;print(sys.executable)"
2023-06-17 07:59:48.432 [error] [Error: Command failed: python -c "import sys;print(sys.executable)"
/bin/sh: 1: python: not found

	at ChildProcess.exithandler (node:child_process:402:12)
	at ChildProcess.emit (node:events:513:28)
	at maybeClose (node:internal/child_process:1100:16)
	at Process.ChildProcess._handle.onexit (node:internal/child_process:304:5)] {
  code: 127,
  killed: false,
  signal: null,
  cmd: 'python -c "import sys;print(sys.executable)"'
}
2023-06-17 07:59:48.433 [info] Only Pylance is supported in untrusted workspaces, setting language server to None.
2023-06-17 07:59:48.433 [info] Starting Jedi language server for test2.
2023-06-17 07:59:48.448 [warning] Retry failed, storage update failed for key PYTHON_GLOBAL_STORAGE_KEYS
2023-06-17 07:59:48.448 [warning] Retry failed, storage update failed for key PYTHON_GLOBAL_STORAGE_KEYS
2023-06-17 07:59:48.448 [warning] Retry failed, storage update failed for key PYTHON_WORKSPACE_STORAGE_KEYS
2023-06-17 07:59:48.448 [warning] Retry failed, storage update failed for key PYTHON_WORKSPACE_STORAGE_KEYS
2023-06-17 08:00:29.293 [info] Experiment 'pythonPromptNewFormatterExt' is active
2023-06-17 08:00:29.293 [info] Experiment 'pythonPromptNewToolsExt' is active
2023-06-17 08:00:29.293 [info] Experiment 'pythonSurveyNotification' is active
2023-06-17 08:00:29.622 [info] Test server listening.
2023-06-17 08:00:29.651 [info] > conda info --json
2023-06-17 08:00:29.686 [info] Found: /bin/python3 --> /bin/python3.10
2023-06-17 08:00:29.688 [info] Found: /bin/python3.10 --> /bin/python3.10
2023-06-17 08:00:29.690 [info] Found: /bin/python3.11 --> /bin/python3.11
2023-06-17 08:00:29.778 [info] Found: /usr/bin/python3 --> /usr/bin/python3.10
2023-06-17 08:00:29.779 [info] Found: /usr/bin/python3.10 --> /usr/bin/python3.10
2023-06-17 08:00:29.781 [info] Found: /usr/bin/python3.11 --> /usr/bin/python3.11
2023-06-17 08:00:29.836 [info] > /bin/python3 -I ~/extensions/ms-python.python-2023.8.0-universal/pythonFiles/get_output_via_markers.py ~/extensions/ms-python.python-2023.8.0-universal/pythonFiles/interpreterInfo.py
2023-06-17 08:00:29.866 [warning] Retry failed, storage update failed for key PYTHON_GLOBAL_STORAGE_KEYS
2023-06-17 08:00:29.870 [warning] Retry failed, storage update failed for key PYTHON_GLOBAL_STORAGE_KEYS
2023-06-17 08:00:29.908 [info] > /bin/python3.11 -I ~/extensions/ms-python.python-2023.8.0-universal/pythonFiles/get_output_via_markers.py ~/extensions/ms-python.python-2023.8.0-universal/pythonFiles/interpreterInfo.py
2023-06-17 08:00:29.988 [info] > /usr/bin/python3 -I ~/extensions/ms-python.python-2023.8.0-universal/pythonFiles/get_output_via_markers.py ~/extensions/ms-python.python-2023.8.0-universal/pythonFiles/interpreterInfo.py
2023-06-17 08:00:30.019 [info] > /usr/bin/python3.11 -I ~/extensions/ms-python.python-2023.8.0-universal/pythonFiles/get_output_via_markers.py ~/extensions/ms-python.python-2023.8.0-universal/pythonFiles/interpreterInfo.py
2023-06-17 08:00:30.089 [info] Python interpreter path: /bin/python3.11
2023-06-17 08:00:30.166 [warning] Retry failed, storage update failed for key PYTHON_GLOBAL_STORAGE_KEYS
2023-06-17 08:00:30.166 [warning] Retry failed, storage update failed for key PYTHON_GLOBAL_STORAGE_KEYS
2023-06-17 08:00:31.035 [info] Starting Jedi language server for test2.
2023-06-17 08:00:49.066 [info] Send text to terminal: /bin/python3.11 /config/workspace/test2/tests/main.py
