2023-06-17 08:10:24.418 [info] Experiment 'pythonPromptNewFormatterExt' is active
2023-06-17 08:10:24.418 [info] Experiment 'pythonPromptNewToolsExt' is active
2023-06-17 08:10:24.697 [info] Test server listening.
2023-06-17 08:10:24.708 [info] > conda info --json
2023-06-17 08:10:24.724 [info] > poetry env list --full-path
2023-06-17 08:10:24.724 [info] cwd: .
2023-06-17 08:10:24.736 [error] [Error: Command failed: poetry env list --full-path
/bin/sh: 1: poetry: not found

	at ChildProcess.exithandler (node:child_process:402:12)
	at ChildProcess.emit (node:events:513:28)
	at maybeClose (node:internal/child_process:1100:16)
	at Socket.<anonymous> (node:internal/child_process:458:11)
	at Socket.emit (node:events:513:28)
	at Pipe.<anonymous> (node:net:301:12)] {
  code: 127,
  killed: false,
  signal: null,
  cmd: 'poetry env list --full-path'
}
2023-06-17 08:10:24.738 [info] Found: /bin/python3 --> /bin/python3.10
2023-06-17 08:10:24.738 [info] Found: /bin/python3.10 --> /bin/python3.10
2023-06-17 08:10:24.739 [info] Found: /bin/python3.11 --> /bin/python3.11
2023-06-17 08:10:24.752 [info] Found: /usr/bin/python3 --> /usr/bin/python3.10
2023-06-17 08:10:24.753 [info] Found: /usr/bin/python3.10 --> /usr/bin/python3.10
2023-06-17 08:10:24.753 [info] Found: /usr/bin/python3.11 --> /usr/bin/python3.11
2023-06-17 08:10:24.777 [info] > /bin/python3 -I ~/extensions/ms-python.python-2023.8.0-universal/pythonFiles/get_output_via_markers.py ~/extensions/ms-python.python-2023.8.0-universal/pythonFiles/interpreterInfo.py
2023-06-17 08:10:24.788 [info] > /bin/python3.11 -I ~/extensions/ms-python.python-2023.8.0-universal/pythonFiles/get_output_via_markers.py ~/extensions/ms-python.python-2023.8.0-universal/pythonFiles/interpreterInfo.py
2023-06-17 08:10:24.931 [info] > /usr/bin/python3 -I ~/extensions/ms-python.python-2023.8.0-universal/pythonFiles/get_output_via_markers.py ~/extensions/ms-python.python-2023.8.0-universal/pythonFiles/interpreterInfo.py
2023-06-17 08:10:24.968 [info] > /usr/bin/python3.11 -I ~/extensions/ms-python.python-2023.8.0-universal/pythonFiles/get_output_via_markers.py ~/extensions/ms-python.python-2023.8.0-universal/pythonFiles/interpreterInfo.py
2023-06-17 08:10:24.972 [warning] Retry failed, storage update failed for key PYTHON_GLOBAL_STORAGE_KEYS
2023-06-17 08:10:24.972 [warning] Retry failed, storage update failed for key PYTHON_GLOBAL_STORAGE_KEYS
2023-06-17 08:10:24.973 [warning] Retry failed, storage update failed for key PYTHON_GLOBAL_STORAGE_KEYS
2023-06-17 08:10:24.973 [warning] Retry failed, storage update failed for key PYTHON_GLOBAL_STORAGE_KEYS
2023-06-17 08:10:24.973 [warning] Retry failed, storage update failed for key PYTHON_GLOBAL_STORAGE_KEYS
2023-06-17 08:10:24.973 [warning] Retry failed, storage update failed for key PYTHON_WORKSPACE_STORAGE_KEYS
2023-06-17 08:10:24.973 [warning] Retry failed, storage update failed for key PYTHON_WORKSPACE_STORAGE_KEYS
2023-06-17 08:10:24.973 [warning] Retry failed, storage update failed for key PYTHON_WORKSPACE_STORAGE_KEYS
2023-06-17 08:10:25.088 [info] Python interpreter path: /bin/python3.11
2023-06-17 08:10:25.182 [warning] Retry failed, storage update failed for key PYTHON_GLOBAL_STORAGE_KEYS
2023-06-17 08:10:25.184 [warning] Retry failed, storage update failed for key PYTHON_GLOBAL_STORAGE_KEYS
2023-06-17 08:10:26.582 [info] Starting Jedi language server for test.
