2023-06-18 09:05:12.116 [info] Log level: Info
2023-06-18 09:05:12.116 [info] Validating found git in: "git"
2023-06-18 09:05:12.116 [info] Using git "2.34.1" from "git"
2023-06-18 09:05:12.116 [info] > git rev-parse --show-toplevel [27ms]
2023-06-18 09:05:12.116 [info] fatal: not a git repository (or any parent up to mount point /)
Stopping at filesystem boundary (GIT_DISCOVERY_ACROSS_FILESYSTEM not set).
2023-06-18 09:05:12.117 [info] > git rev-parse --show-toplevel [442ms]
2023-06-18 09:05:12.117 [info] fatal: not a git repository (or any parent up to mount point /)
Stopping at filesystem boundary (GIT_DISCOVERY_ACROSS_FILESYSTEM not set).
2023-06-18 09:05:12.117 [info] > git rev-parse --show-toplevel [79ms]
2023-06-18 09:05:12.117 [info] fatal: not a git repository (or any parent up to mount point /)
Stopping at filesystem boundary (GIT_DISCOVERY_ACROSS_FILESYSTEM not set).
2023-06-18 09:05:12.117 [info] > git rev-parse --show-toplevel [38ms]
2023-06-18 09:05:12.117 [info] fatal: not a git repository (or any parent up to mount point /)
Stopping at filesystem boundary (GIT_DISCOVERY_ACROSS_FILESYSTEM not set).
2023-06-18 09:05:12.117 [info] > git rev-parse --show-toplevel [151ms]
2023-06-18 09:05:12.117 [info] fatal: not a git repository (or any parent up to mount point /)
Stopping at filesystem boundary (GIT_DISCOVERY_ACROSS_FILESYSTEM not set).
2023-06-18 09:05:12.117 [info] > git rev-parse --show-toplevel [31ms]
2023-06-18 09:05:12.117 [info] fatal: not a git repository (or any parent up to mount point /)
Stopping at filesystem boundary (GIT_DISCOVERY_ACROSS_FILESYSTEM not set).
2023-06-18 09:05:12.117 [info] > git rev-parse --show-toplevel [61ms]
2023-06-18 09:05:12.117 [info] fatal: not a git repository (or any parent up to mount point /)
Stopping at filesystem boundary (GIT_DISCOVERY_ACROSS_FILESYSTEM not set).
