2023-06-17 08:00:29.858 [info] Log level: Info
2023-06-17 08:00:29.858 [info] Validating found git in: "git"
2023-06-17 08:00:29.858 [info] Using git "2.34.1" from "git"
2023-06-17 08:00:29.859 [info] > git rev-parse --show-toplevel [10ms]
2023-06-17 08:00:29.859 [info] fatal: not a git repository (or any parent up to mount point /)
Stopping at filesystem boundary (GIT_DISCOVERY_ACROSS_FILESYSTEM not set).
2023-06-17 08:00:29.859 [info] > git rev-parse --show-toplevel [8ms]
2023-06-17 08:00:29.859 [info] fatal: not a git repository (or any parent up to mount point /)
Stopping at filesystem boundary (GIT_DISCOVERY_ACROSS_FILESYSTEM not set).
2023-06-17 08:00:29.859 [info] > git rev-parse --show-toplevel [16ms]
2023-06-17 08:00:29.859 [info] fatal: not a git repository (or any parent up to mount point /)
Stopping at filesystem boundary (GIT_DISCOVERY_ACROSS_FILESYSTEM not set).
2023-06-17 08:00:35.517 [info] > git rev-parse --show-toplevel [649ms]
2023-06-17 08:00:35.519 [info] fatal: not a git repository (or any parent up to mount point /)
Stopping at filesystem boundary (GIT_DISCOVERY_ACROSS_FILESYSTEM not set).
2023-06-17 08:00:45.839 [info] > git rev-parse --show-toplevel [27ms]
2023-06-17 08:00:45.839 [info] fatal: not a git repository (or any parent up to mount point /)
Stopping at filesystem boundary (GIT_DISCOVERY_ACROSS_FILESYSTEM not set).
2023-06-17 08:00:49.708 [info] > git rev-parse --show-toplevel [107ms]
2023-06-17 08:00:49.712 [info] fatal: not a git repository (or any parent up to mount point /)
Stopping at filesystem boundary (GIT_DISCOVERY_ACROSS_FILESYSTEM not set).
